19:58:19.307 [main] INFO  com.ilCarro.qa14.tests.TestBase - Start test loginRegisteredUserPositiveTestwith data:[]
19:58:19.323 [main] INFO  com.ilCarro.qa14.tests.TestBase - ______________________________
19:58:19.339 [main] INFO  com.ilCarro.qa14.tests.TestBase - Start search By.cssSelector: [href='/signup']
19:58:19.400 [main] INFO  com.ilCarro.qa14.tests.TestBase - By.cssSelector: [href='/signup']found. 
19:58:19.416 [main] INFO  com.ilCarro.qa14.tests.TestBase - Start search By.cssSelector: #root > div > header > section > ul > li:nth-child(5) > a
19:58:19.491 [main] INFO  com.ilCarro.qa14.tests.TestBase - By.cssSelector: #root > div > header > section > ul > li:nth-child(5) > afound. 
19:58:19.811 [main] INFO  com.ilCarro.qa14.tests.TestBase - Start search By.cssSelector: [name='emil'] 
19:58:39.898 [main] ERROR com.ilCarro.qa14.tests.TestBase - org.openqa.selenium.NoSuchElementException: no such element: Unable to locate element: {"method":"css selector","selector":"[name='emil'] "}
  (Session info: chrome=91.0.4472.101)
For documentation on this error, please visit: https://www.seleniumhq.org/exceptions/no_such_element.html
Build info: version: '3.141.59', revision: 'e82be7d358', time: '2018-11-14T08:17:03'
System info: host: 'DESKTOP-JSUKBT7', ip: '192.168.1.6', os.name: 'Windows 10', os.arch: 'amd64', os.version: '10.0', java.version: '11.0.11'
Driver info: org.openqa.selenium.chrome.ChromeDriver
Capabilities {acceptInsecureCerts: false, browserName: chrome, browserVersion: 91.0.4472.101, chrome: {chromedriverVersion: 91.0.4472.19 (1bf021f248676..., userDataDir: C:\Users\Timon\AppData\Loca...}, goog:chromeOptions: {debuggerAddress: localhost:51934}, javascriptEnabled: true, networkConnectionEnabled: false, pageLoadStrategy: normal, platform: WINDOWS, platformName: WINDOWS, proxy: Proxy(), setWindowRect: true, strictFileInteractability: false, timeouts: {implicit: 0, pageLoad: 300000, script: 30000}, unhandledPromptBehavior: dismiss and notify, webauthn:extension:largeBlob: true, webauthn:virtualAuthenticators: true}
Session ID: 2ae83e83e986f9cee9388e6d4de07a00
*** Element info: {Using=css selector, value=[name='emil'] }
19:58:40.959 [main] ERROR com.ilCarro.qa14.tests.TestBase - FAILED: Test method loginRegisteredUserPositiveTest
Svreenshot:C:\Projects\QA14_ilCarro\screenshot1623862720931png
