<?xml version="1.0" encoding="UTF-8"?>
<testsuite name="com.ilCarro.qa14.tests.CreateCarTest" tests="2" skipped="1" failures="0" errors="0" timestamp="2021-06-19T17:21:39" hostname="DESKTOP-JSUKBT7" time="25.26">
  <properties/>
  <testcase name="addCarFromCSVTest" classname="com.ilCarro.qa14.tests.CreateCarTest" time="0.0">
    <skipped/>
  </testcase>
  <testcase name="addCarTest" classname="com.ilCarro.qa14.tests.CreateCarTest" time="3.856"/>
  <system-out><![CDATA[20:21:39.619 [Test worker] INFO  com.ilCarro.qa14.tests.TestBase - Start test addCarTestwith data:[]
20:21:39.620 [Test worker] INFO  com.ilCarro.qa14.tests.TestBase - ______________________________
20:21:39.622 [Test worker] INFO  com.ilCarro.qa14.tests.TestBase - Start search By.xpath: //a[contains(.,'logOut')]
20:21:59.660 [Test worker] INFO  com.ilCarro.qa14.tests.TestBase - By.xpath: //a[contains(.,'logOut')]found. 
20:21:59.661 [Test worker] INFO  com.ilCarro.qa14.tests.TestBase - Start search By.cssSelector: #root > div > header > section > ul > li:nth-child(5) > a
20:21:59.674 [Test worker] INFO  com.ilCarro.qa14.tests.TestBase - By.cssSelector: #root > div > header > section > ul > li:nth-child(5) > afound. 
20:21:59.920 [Test worker] INFO  com.ilCarro.qa14.tests.TestBase - Start search By.cssSelector: [name='email'] 
20:21:59.938 [Test worker] INFO  com.ilCarro.qa14.tests.TestBase - By.cssSelector: [name='email'] found. 
20:22:00.178 [Test worker] INFO  com.ilCarro.qa14.tests.TestBase - Start search By.cssSelector: [name='email'] 
20:22:00.197 [Test worker] INFO  com.ilCarro.qa14.tests.TestBase - By.cssSelector: [name='email'] found. 
20:22:00.230 [Test worker] INFO  com.ilCarro.qa14.tests.TestBase - Start search By.cssSelector: [name='email'] 
20:22:00.245 [Test worker] INFO  com.ilCarro.qa14.tests.TestBase - By.cssSelector: [name='email'] found. 
20:22:00.347 [Test worker] INFO  com.ilCarro.qa14.tests.TestBase - Start search By.name: password
20:22:00.373 [Test worker] INFO  com.ilCarro.qa14.tests.TestBase - By.name: passwordfound. 
20:22:00.611 [Test worker] INFO  com.ilCarro.qa14.tests.TestBase - Start search By.name: password
20:22:00.629 [Test worker] INFO  com.ilCarro.qa14.tests.TestBase - By.name: passwordfound. 
20:22:00.656 [Test worker] INFO  com.ilCarro.qa14.tests.TestBase - Start search By.name: password
20:22:00.674 [Test worker] INFO  com.ilCarro.qa14.tests.TestBase - By.name: passwordfound. 
20:22:00.749 [Test worker] INFO  com.ilCarro.qa14.tests.TestBase - Start search By.cssSelector: [type='submit']
20:22:00.773 [Test worker] INFO  com.ilCarro.qa14.tests.TestBase - By.cssSelector: [type='submit']found. 
20:22:03.029 [Test worker] INFO  com.ilCarro.qa14.tests.TestBase - Start search By.cssSelector: #root > div > header > section > ul > li:nth-child(2) > a
20:22:03.054 [Test worker] INFO  com.ilCarro.qa14.tests.TestBase - By.cssSelector: #root > div > header > section > ul > li:nth-child(2) > afound. 
20:22:03.400 [Test worker] INFO  com.ilCarro.qa14.tests.TestBase - Start search By.cssSelector: .country
20:22:03.423 [Test worker] INFO  com.ilCarro.qa14.tests.TestBase - By.cssSelector: .countryfound. 
20:22:03.671 [Test worker] INFO  com.ilCarro.qa14.tests.TestBase - Start search By.cssSelector: .country
20:22:03.682 [Test worker] INFO  com.ilCarro.qa14.tests.TestBase - By.cssSelector: .countryfound. 
20:22:03.700 [Test worker] INFO  com.ilCarro.qa14.tests.TestBase - Start search By.cssSelector: .country
20:22:03.712 [Test worker] INFO  com.ilCarro.qa14.tests.TestBase - By.cssSelector: .countryfound. 
20:22:03.830 [Test worker] INFO  com.ilCarro.qa14.tests.TestBase - Start search By.cssSelector: .address
20:22:03.855 [Test worker] INFO  com.ilCarro.qa14.tests.TestBase - By.cssSelector: .addressfound. 
20:22:04.097 [Test worker] INFO  com.ilCarro.qa14.tests.TestBase - Start search By.cssSelector: .address
20:22:04.148 [Test worker] INFO  com.ilCarro.qa14.tests.TestBase - By.cssSelector: .addressfound. 
20:22:04.162 [Test worker] INFO  com.ilCarro.qa14.tests.TestBase - Start search By.cssSelector: .address
20:22:04.178 [Test worker] INFO  com.ilCarro.qa14.tests.TestBase - By.cssSelector: .addressfound. 
20:22:04.491 [Test worker] INFO  com.ilCarro.qa14.tests.TestBase - Start search By.cssSelector: .distance_included
20:22:04.507 [Test worker] INFO  com.ilCarro.qa14.tests.TestBase - By.cssSelector: .distance_includedfound. 
20:22:04.745 [Test worker] INFO  com.ilCarro.qa14.tests.TestBase - Start search By.cssSelector: .distance_included
20:22:04.763 [Test worker] INFO  com.ilCarro.qa14.tests.TestBase - By.cssSelector: .distance_includedfound. 
20:22:04.780 [Test worker] INFO  com.ilCarro.qa14.tests.TestBase - Start search By.cssSelector: .distance_included
20:22:04.796 [Test worker] INFO  com.ilCarro.qa14.tests.TestBase - By.cssSelector: .distance_includedfound. 
20:22:04.878 [Test worker] INFO  com.ilCarro.qa14.tests.TestBase - Passed: test method addCarTest
]]></system-out>
  <system-err><![CDATA[[Utils] [ERROR] [Error] java.lang.ArrayIndexOutOfBoundsException: Index 3 out of bounds for length 3
	at com.ilCarro.qa14.tests.DataProviders.validCarFromCSV(DataProviders.java:46)
	at java.base/jdk.internal.reflect.NativeMethodAccessorImpl.invoke0(Native Method)
	at java.base/jdk.internal.reflect.NativeMethodAccessorImpl.invoke(NativeMethodAccessorImpl.java:62)
	at java.base/jdk.internal.reflect.DelegatingMethodAccessorImpl.invoke(DelegatingMethodAccessorImpl.java:43)
	at java.base/java.lang.reflect.Method.invoke(Method.java:566)
	at org.testng.internal.MethodInvocationHelper.invokeMethod(MethodInvocationHelper.java:133)
	at org.testng.internal.MethodInvocationHelper.invokeMethod(MethodInvocationHelper.java:77)
	at org.testng.internal.MethodInvocationHelper.invokeMethodNoCheckedException(MethodInvocationHelper.java:46)
	at org.testng.internal.MethodInvocationHelper.invokeDataProvider(MethodInvocationHelper.java:146)
	at org.testng.internal.Parameters.handleParameters(Parameters.java:798)
	at org.testng.internal.Parameters.handleParameters(Parameters.java:740)
	at org.testng.internal.ParameterHandler.handleParameters(ParameterHandler.java:59)
	at org.testng.internal.ParameterHandler.createParameters(ParameterHandler.java:38)
	at org.testng.internal.TestInvoker$MethodInvocationAgent.invoke(TestInvoker.java:791)
	at org.testng.internal.TestInvoker.invokeTestMethods(TestInvoker.java:146)
	at org.testng.internal.TestMethodWorker.invokeTestMethods(TestMethodWorker.java:146)
	at org.testng.internal.TestMethodWorker.run(TestMethodWorker.java:128)
	at java.base/java.util.ArrayList.forEach(ArrayList.java:1541)
	at org.testng.TestRunner.privateRun(TestRunner.java:794)
	at org.testng.TestRunner.run(TestRunner.java:596)
	at org.testng.SuiteRunner.runTest(SuiteRunner.java:377)
	at org.testng.SuiteRunner.runSequentially(SuiteRunner.java:371)
	at org.testng.SuiteRunner.privateRun(SuiteRunner.java:332)
	at org.testng.SuiteRunner.run(SuiteRunner.java:276)
	at org.testng.SuiteRunnerWorker.runSuite(SuiteRunnerWorker.java:53)
	at org.testng.SuiteRunnerWorker.run(SuiteRunnerWorker.java:96)
	at org.testng.TestNG.runSuitesSequentially(TestNG.java:1212)
	at org.testng.TestNG.runSuitesLocally(TestNG.java:1134)
	at org.testng.TestNG.runSuites(TestNG.java:1063)
	at org.testng.TestNG.run(TestNG.java:1031)
	at org.gradle.api.internal.tasks.testing.testng.TestNGTestClassProcessor.runTests(TestNGTestClassProcessor.java:141)
	at org.gradle.api.internal.tasks.testing.testng.TestNGTestClassProcessor.stop(TestNGTestClassProcessor.java:90)
	at org.gradle.api.internal.tasks.testing.SuiteTestClassProcessor.stop(SuiteTestClassProcessor.java:61)
	at java.base/jdk.internal.reflect.NativeMethodAccessorImpl.invoke0(Native Method)
	at java.base/jdk.internal.reflect.NativeMethodAccessorImpl.invoke(NativeMethodAccessorImpl.java:62)
	at java.base/jdk.internal.reflect.DelegatingMethodAccessorImpl.invoke(DelegatingMethodAccessorImpl.java:43)
	at java.base/java.lang.reflect.Method.invoke(Method.java:566)
	at org.gradle.internal.dispatch.ReflectionDispatch.dispatch(ReflectionDispatch.java:36)
	at org.gradle.internal.dispatch.ReflectionDispatch.dispatch(ReflectionDispatch.java:24)
	at org.gradle.internal.dispatch.ContextClassLoaderDispatch.dispatch(ContextClassLoaderDispatch.java:33)
	at org.gradle.internal.dispatch.ProxyDispatchAdapter$DispatchingInvocationHandler.invoke(ProxyDispatchAdapter.java:94)
	at com.sun.proxy.$Proxy2.stop(Unknown Source)
	at org.gradle.api.internal.tasks.testing.worker.TestWorker.stop(TestWorker.java:132)
	at java.base/jdk.internal.reflect.NativeMethodAccessorImpl.invoke0(Native Method)
	at java.base/jdk.internal.reflect.NativeMethodAccessorImpl.invoke(NativeMethodAccessorImpl.java:62)
	at java.base/jdk.internal.reflect.DelegatingMethodAccessorImpl.invoke(DelegatingMethodAccessorImpl.java:43)
	at java.base/java.lang.reflect.Method.invoke(Method.java:566)
	at org.gradle.internal.dispatch.ReflectionDispatch.dispatch(ReflectionDispatch.java:36)
	at org.gradle.internal.dispatch.ReflectionDispatch.dispatch(ReflectionDispatch.java:24)
	at org.gradle.internal.remote.internal.hub.MessageHubBackedObjectConnection$DispatchWrapper.dispatch(MessageHubBackedObjectConnection.java:182)
	at org.gradle.internal.remote.internal.hub.MessageHubBackedObjectConnection$DispatchWrapper.dispatch(MessageHubBackedObjectConnection.java:164)
	at org.gradle.internal.remote.internal.hub.MessageHub$Handler.run(MessageHub.java:412)
	at org.gradle.internal.concurrent.ExecutorPolicy$CatchAndRecordFailures.onExecute(ExecutorPolicy.java:64)
	at org.gradle.internal.concurrent.ManagedExecutorImpl$1.run(ManagedExecutorImpl.java:48)
	at java.base/java.util.concurrent.ThreadPoolExecutor.runWorker(ThreadPoolExecutor.java:1128)
	at java.base/java.util.concurrent.ThreadPoolExecutor$Worker.run(ThreadPoolExecutor.java:628)
	at org.gradle.internal.concurrent.ThreadFactoryImpl$ManagedThreadRunnable.run(ThreadFactoryImpl.java:56)
	at java.base/java.lang.Thread.run(Thread.java:834)

JavaScript error: https://ilcarro-dev-v1.firebaseapp.com/static/js/main.e634d22d.chunk.js, line 1: Error: (UNSUCCESS) Status: 401, message: Error - Unauthorized ; Wrong password!
]]></system-err>
</testsuite>
